Start testing: Feb 15 23:49 PST
----------------------------------------------------------
1/12 Testing: FindMoonPoint.AtFunctionWorks
1/12 Test: FindMoonPoint.AtFunctionWorks
Command: "/home/jlb10333/projects/FastContour/build/bin/FastContour_test" "--gtest_filter=FindMoonPoint.AtFunctionWorks" "--gtest_also_run_disabled_tests"
Directory: /home/jlb10333/projects/FastContour/build
"FindMoonPoint.AtFunctionWorks" start time: Feb 15 23:49 PST
Output:
----------------------------------------------------------
Running main() from /home/jlb10333/googletest/googletest/src/gtest_main.cc
Note: Google Test filter = FindMoonPoint.AtFunctionWorks
[==========] Running 1 test from 1 test suite.
[----------] Global test environment set-up.
[----------] 1 test from FindMoonPoint
[ RUN      ] FindMoonPoint.AtFunctionWorks
int at 100,100: [255, 255, 255]
int at 50,50: [0, 0, 0]
/home/jlb10333/projects/FastContour/test/detector_test.cc:17: Failure
Expected equality of these values:
  false
  true

[  FAILED  ] FindMoonPoint.AtFunctionWorks (0 ms)
[----------] 1 test from FindMoonPoint (0 ms total)

[----------] Global test environment tear-down
[==========] 1 test from 1 test suite ran. (0 ms total)
[  PASSED  ] 0 tests.
[  FAILED  ] 1 test, listed below:
[  FAILED  ] FindMoonPoint.AtFunctionWorks

 1 FAILED TEST
<end of output>
Test time =   0.01 sec
----------------------------------------------------------
Test Failed.
"FindMoonPoint.AtFunctionWorks" end time: Feb 15 23:49 PST
"FindMoonPoint.AtFunctionWorks" time elapsed: 00:00:00
----------------------------------------------------------

5/12 Testing: FindAnchorPoints.BasicAssertions
5/12 Test: FindAnchorPoints.BasicAssertions
Command: "/home/jlb10333/projects/FastContour/build/bin/FastContour_test" "--gtest_filter=FindAnchorPoints.BasicAssertions" "--gtest_also_run_disabled_tests"
Directory: /home/jlb10333/projects/FastContour/build
"FindAnchorPoints.BasicAssertions" start time: Feb 15 23:49 PST
Output:
----------------------------------------------------------
Running main() from /home/jlb10333/googletest/googletest/src/gtest_main.cc
Note: Google Test filter = FindAnchorPoints.BasicAssertions
[==========] Running 1 test from 1 test suite.
[----------] Global test environment set-up.
[----------] 1 test from FindAnchorPoints
[ RUN      ] FindAnchorPoints.BasicAssertions
[200, 100]
/home/jlb10333/projects/FastContour/test/detector_test.cc:49: Failure
Expected equality of these values:
  anchor_points.size()
    Which is: 20
  16

[  FAILED  ] FindAnchorPoints.BasicAssertions (0 ms)
[----------] 1 test from FindAnchorPoints (0 ms total)

[----------] Global test environment tear-down
[==========] 1 test from 1 test suite ran. (0 ms total)
[  PASSED  ] 0 tests.
[  FAILED  ] 1 test, listed below:
[  FAILED  ] FindAnchorPoints.BasicAssertions

 1 FAILED TEST
<end of output>
Test time =   0.01 sec
----------------------------------------------------------
Test Failed.
"FindAnchorPoints.BasicAssertions" end time: Feb 15 23:49 PST
"FindAnchorPoints.BasicAssertions" time elapsed: 00:00:00
----------------------------------------------------------

11/12 Testing: Intersect.BasicAssertions
11/12 Test: Intersect.BasicAssertions
Command: "/home/jlb10333/projects/FastContour/build/bin/FastContour_test" "--gtest_filter=Intersect.BasicAssertions" "--gtest_also_run_disabled_tests"
Directory: /home/jlb10333/projects/FastContour/build
"Intersect.BasicAssertions" start time: Feb 15 23:49 PST
Output:
----------------------------------------------------------
Running main() from /home/jlb10333/googletest/googletest/src/gtest_main.cc
Note: Google Test filter = Intersect.BasicAssertions
[==========] Running 1 test from 1 test suite.
[----------] Global test environment set-up.
[----------] 1 test from Intersect
[ RUN      ] Intersect.BasicAssertions
/home/jlb10333/projects/FastContour/test/utils_test.cc:26: Failure
Expected equality of these values:
  intersect(cv::Vec2f(-1, -2), cv::Vec2f(3, 2), cv::Vec2f(-2, 2), cv::Vec2f(2, -2)).value()[0]
    Which is: 1
  0.5

/home/jlb10333/projects/FastContour/test/utils_test.cc:27: Failure
Expected equality of these values:
  intersect(cv::Vec2f(-1, -2), cv::Vec2f(3, 2), cv::Vec2f(-2, 2), cv::Vec2f(2, -2)).value()[1]
    Which is: -1
  -0.5

unknown file: Failure
C++ exception with description "bad optional access" thrown in the test body.

[  FAILED  ] Intersect.BasicAssertions (0 ms)
[----------] 1 test from Intersect (0 ms total)

[----------] Global test environment tear-down
[==========] 1 test from 1 test suite ran. (0 ms total)
[  PASSED  ] 0 tests.
[  FAILED  ] 1 test, listed below:
[  FAILED  ] Intersect.BasicAssertions

 1 FAILED TEST
<end of output>
Test time =   0.01 sec
----------------------------------------------------------
Test Failed.
"Intersect.BasicAssertions" end time: Feb 15 23:49 PST
"Intersect.BasicAssertions" time elapsed: 00:00:00
----------------------------------------------------------

End testing: Feb 15 23:49 PST
